日志时间：2020-05-08 17:08:14,847 
日志级别：FATAL 
用 户 ID：{log4net:Identity=, log4net:UserName=WIN-VR75UK1COEO\Administrator, log4net:HostName=WIN-VR75UK1COEO}roperty{UserID} 
用户姓名：{log4net:Identity=, log4net:UserName=WIN-VR75UK1COEO\Administrator, log4net:HostName=WIN-VR75UK1COEO}roperty{UserName} 
日志信息：{log4net:Identity=, log4net:UserName=WIN-VR75UK1COEO\Administrator, log4net:HostName=WIN-VR75UK1COEO}roperty{Message} 
异常信息： 

日志时间：2020-05-08 17:08:14,902 
日志级别：FATAL 
用 户 ID：{log4net:Identity=, log4net:UserName=WIN-VR75UK1COEO\Administrator, log4net:HostName=WIN-VR75UK1COEO}roperty{UserID} 
用户姓名：{log4net:Identity=, log4net:UserName=WIN-VR75UK1COEO\Administrator, log4net:HostName=WIN-VR75UK1COEO}roperty{UserName} 
日志信息：{log4net:Identity=, log4net:UserName=WIN-VR75UK1COEO\Administrator, log4net:HostName=WIN-VR75UK1COEO}roperty{Message} 
异常信息：System.Exception: 异常信息
 

日志时间：2020-05-08 17:09:00,109 
日志级别：FATAL 
用 户 ID：{log4net:Identity=, log4net:UserName=WIN-VR75UK1COEO\Administrator, log4net:HostName=WIN-VR75UK1COEO}roperty{UserID} 
用户姓名：{log4net:Identity=, log4net:UserName=WIN-VR75UK1COEO\Administrator, log4net:HostName=WIN-VR75UK1COEO}roperty{UserName} 
日志信息：{log4net:Identity=, log4net:UserName=WIN-VR75UK1COEO\Administrator, log4net:HostName=WIN-VR75UK1COEO}roperty{Message} 
异常信息： 

日志时间：2020-05-08 17:09:00,135 
日志级别：FATAL 
用 户 ID：{log4net:Identity=, log4net:UserName=WIN-VR75UK1COEO\Administrator, log4net:HostName=WIN-VR75UK1COEO}roperty{UserID} 
用户姓名：{log4net:Identity=, log4net:UserName=WIN-VR75UK1COEO\Administrator, log4net:HostName=WIN-VR75UK1COEO}roperty{UserName} 
日志信息：{log4net:Identity=, log4net:UserName=WIN-VR75UK1COEO\Administrator, log4net:HostName=WIN-VR75UK1COEO}roperty{Message} 
异常信息：System.Exception: 异常信息
 

